[debug] [2021-12-01T23:06:53.950Z] ----------------------------------------------------------------------
[debug] [2021-12-01T23:06:53.956Z] Command:       C:\Program Files\nodejs\node.exe C:\Users\Diego\AppData\Roaming\npm\node_modules\firebase-tools\lib\bin\firebase.js init
[debug] [2021-12-01T23:06:53.957Z] CLI Version:   9.22.0
[debug] [2021-12-01T23:06:53.957Z] Platform:      win32
[debug] [2021-12-01T23:06:53.958Z] Node Version:  v16.13.0
[debug] [2021-12-01T23:06:53.968Z] Time:          Wed Dec 01 2021 20:06:53 GMT-0300 (hora de verano de Chile)
[debug] [2021-12-01T23:06:53.968Z] ----------------------------------------------------------------------
[debug] 
[debug] [2021-12-01T23:06:53.975Z] >>> [apiv2][query] GET https://firebase-public.firebaseio.com/cli.json [none]
[debug] [2021-12-01T23:06:54.034Z] > command requires scopes: ["email","openid","https://www.googleapis.com/auth/cloudplatformprojects.readonly","https://www.googleapis.com/auth/firebase","https://www.googleapis.com/auth/cloud-platform"]
[debug] [2021-12-01T23:06:54.034Z] > authorizing via signed-in user (diego.marcial@zonavirtual.uisek.cl)
[info] 
     ######## #### ########  ######## ########     ###     ######  ########
     ##        ##  ##     ## ##       ##     ##  ##   ##  ##       ##
     ######    ##  ########  ######   ########  #########  ######  ######
     ##        ##  ##    ##  ##       ##     ## ##     ##       ## ##
     ##       #### ##     ## ######## ########  ##     ##  ######  ########

You're about to initialize a Firebase project in this directory:

  C:\Users\Diego\Desktop\Curso liderazgo 2021 SEK\S 2\CURSO COMUNICACIÓN EFECTIVA ENTRE PROFESORES Y ALUMNOS.  - Storyline output

[debug] [2021-12-01T23:06:54.559Z] <<< [apiv2][status] GET https://firebase-public.firebaseio.com/cli.json 200
[debug] [2021-12-01T23:06:54.559Z] <<< [apiv2][body] GET https://firebase-public.firebaseio.com/cli.json {"cloudBuildErrorAfter":1594252800000,"cloudBuildWarnAfter":1590019200000,"defaultNode10After":1594252800000,"minVersion":"3.0.5","node8DeploysDisabledAfter":1613390400000,"node8RuntimeDisabledAfter":1615809600000,"node8WarnAfter":1600128000000}
[info] 
=== Project Setup
[info] 
[info] First, let's associate this project directory with a Firebase project.
[info] You can create multiple project aliases by running firebase use --add, 
[info] but for now we'll just set up a default project.
[info] 
[debug] [2021-12-01T23:07:26.162Z] > refreshing access token with scopes: []
[debug] [2021-12-01T23:07:26.163Z] >>> HTTP REQUEST POST https://www.googleapis.com/oauth2/v3/token  
 <request body omitted>
[debug] [2021-12-01T23:07:26.299Z] <<< HTTP RESPONSE 200 {"pragma":"no-cache","cache-control":"no-cache, no-store, max-age=0, must-revalidate","expires":"Mon, 01 Jan 1990 00:00:00 GMT","date":"Wed, 01 Dec 2021 23:07:26 GMT","content-type":"application/json; charset=utf-8","vary":"X-Origin, Referer, Origin,Accept-Encoding","server":"scaffolding on HTTPServer2","x-xss-protection":"0","x-frame-options":"SAMEORIGIN","x-content-type-options":"nosniff","alt-svc":"h3=\":443\"; ma=2592000,h3-29=\":443\"; ma=2592000,h3-Q050=\":443\"; ma=2592000,h3-Q046=\":443\"; ma=2592000,h3-Q043=\":443\"; ma=2592000,quic=\":443\"; ma=2592000; v=\"46,43\"","accept-ranges":"none","transfer-encoding":"chunked"}
[debug] [2021-12-01T23:07:26.334Z] >>> [apiv2][query] GET https://firebase.googleapis.com/v1beta1/projects pageSize=100
[debug] [2021-12-01T23:07:27.482Z] <<< [apiv2][status] GET https://firebase.googleapis.com/v1beta1/projects 200
[debug] [2021-12-01T23:07:27.483Z] <<< [apiv2][body] GET https://firebase.googleapis.com/v1beta1/projects [omitted]
[info] i  Using project cursocomunicacio-nefectivasek (CursoComunicacio-nefectivasek) 
[info] 
=== Hosting:github Setup
[info] 
[info] i  Didn't detect a .git folder. Assuming C:\Users\Diego\Desktop\Curso liderazgo 2021 SEK\S 2\CURSO COMUNICACIÓN EFECTIVA ENTRE PROFESORES Y ALUMNOS.  - Storyline output is the project root. 
[info] i  Authorizing with GitHub to upload your service account to a GitHub repository's secrets store. 
[info] 
[info] Visit this URL on this device to log in:
[info] https://github.com/login/oauth/authorize?client_id=89cf50f02ac6aaed3484&state=639191281&redirect_uri=http%3A%2F%2Flocalhost%3A9005&scope=read%3Auser%20repo%20public_repo
[info] 
[info] Waiting for authentication...
[debug] [2021-12-01T23:07:31.313Z] >>> HTTP REQUEST POST https://github.com/login/oauth/access_token  
 {"client_id":"89cf50f02ac6aaed3484","client_secret":"3330d14abc895d9a74d5f17cd7a00711fa2c5bf0","code":"9de179cb450a1fa23860","redirect_uri":"http://localhost:9005","state":"639191281"}
[debug] [2021-12-01T23:07:31.868Z] <<< HTTP RESPONSE 200 {"server":"GitHub.com","date":"Wed, 01 Dec 2021 23:07:31 GMT","content-type":"application/json; charset=utf-8","transfer-encoding":"chunked","vary":"X-PJAX, X-PJAX-Container, Accept-Encoding, Accept, X-Requested-With","permissions-policy":"interest-cohort=()","etag":"W/\"b70d11b517e1c82eae6bb2055f56ce46\"","cache-control":"max-age=0, private, must-revalidate","strict-transport-security":"max-age=31536000; includeSubdomains; preload","x-frame-options":"deny","x-content-type-options":"nosniff","x-xss-protection":"0","referrer-policy":"origin-when-cross-origin, strict-origin-when-cross-origin","expect-ct":"max-age=2592000, report-uri=\"https://api.github.com/_private/browser/errors\"","content-security-policy":"default-src 'none'; base-uri 'self'; block-all-mixed-content; child-src github.com/assets-cdn/worker/ gist.github.com/assets-cdn/worker/; connect-src 'self' uploads.github.com objects-origin.githubusercontent.com www.githubstatus.com collector.githubapp.com api.github.com github-cloud.s3.amazonaws.com github-production-repository-file-5c1aeb.s3.amazonaws.com github-production-upload-manifest-file-7fdce7.s3.amazonaws.com github-production-user-asset-6210df.s3.amazonaws.com cdn.optimizely.com logx.optimizely.com/v1/events translator.github.com wss://alive.github.com; font-src github.githubassets.com; form-action 'self' github.com gist.github.com objects-origin.githubusercontent.com; frame-ancestors 'none'; frame-src render.githubusercontent.com viewscreen.githubusercontent.com notebooks.githubusercontent.com; img-src 'self' data: github.githubassets.com identicons.github.com collector.githubapp.com github-cloud.s3.amazonaws.com secured-user-images.githubusercontent.com/ *.githubusercontent.com; manifest-src 'self'; media-src github.com user-images.githubusercontent.com/; script-src github.githubassets.com; style-src 'unsafe-inline' github.githubassets.com; worker-src github.com/assets-cdn/worker/ gist.github.com/assets-cdn/worker/","x-github-request-id":"6B9D:328F:20C8A:321B2:61A80033"}
[debug] [2021-12-01T23:07:31.884Z] >>> [apiv2][query] GET https://api.github.com/user [none]
[debug] [2021-12-01T23:07:32.324Z] <<< [apiv2][status] GET https://api.github.com/user 200
[debug] [2021-12-01T23:07:32.324Z] <<< [apiv2][body] GET https://api.github.com/user {"login":"Dmarshial","id":87343759,"node_id":"MDQ6VXNlcjg3MzQzNzU5","avatar_url":"https://avatars.githubusercontent.com/u/87343759?v=4","gravatar_id":"","url":"https://api.github.com/users/Dmarshial","html_url":"https://github.com/Dmarshial","followers_url":"https://api.github.com/users/Dmarshial/followers","following_url":"https://api.github.com/users/Dmarshial/following{/other_user}","gists_url":"https://api.github.com/users/Dmarshial/gists{/gist_id}","starred_url":"https://api.github.com/users/Dmarshial/starred{/owner}{/repo}","subscriptions_url":"https://api.github.com/users/Dmarshial/subscriptions","organizations_url":"https://api.github.com/users/Dmarshial/orgs","repos_url":"https://api.github.com/users/Dmarshial/repos","events_url":"https://api.github.com/users/Dmarshial/events{/privacy}","received_events_url":"https://api.github.com/users/Dmarshial/received_events","type":"User","site_admin":false,"name":null,"company":null,"blog":"","location":null,"email":null,"hireable":null,"bio":null,"twitter_username":null,"public_repos":6,"public_gists":0,"followers":0,"following":0,"created_at":"2021-07-12T23:20:09Z","updated_at":"2021-11-25T21:20:14Z","private_gists":0,"total_private_repos":0,"owned_private_repos":0,"disk_usage":8108,"collaborators":0,"two_factor_authentication":false,"plan":{"name":"pro","space":976562499,"collaborators":0,"private_repos":9999}}
[info] 
[info] +  Success! Logged into GitHub as Dmarshial 
[info] 
